#
# There is insufficient memory for the Java Runtime Environment to continue.
# Native memory allocation (malloc) failed to allocate 1048576 bytes for AllocateHeap
# Possible reasons:
#   The system is out of physical RAM or swap space
#   The process is running with CompressedOops enabled, and the Java Heap may be blocking the growth of the native heap
# Possible solutions:
#   Reduce memory load on the system
#   Increase physical memory or swap space
#   Check if swap backing store is full
#   Decrease Java heap size (-Xmx/-Xms)
#   Decrease number of Java threads
#   Decrease Java thread stack sizes (-Xss)
#   Set larger code cache with -XX:ReservedCodeCacheSize=
#   JVM is running with Unscaled Compressed Oops mode in which the Java heap is
#     placed in the first 4GB address space. The Java Heap base address is the
#     maximum limit for the native heap growth. Please use -XX:HeapBaseMinAddress
#     to set the Java Heap base and to place the Java Heap above 4GB virtual address.
# This output file may be truncated or incomplete.
#
#  Out of Memory Error (memory/allocation.inline.hpp:61), pid=5420, tid=0x0000000000005274
#
# JRE version:  (8.0_201-b09) (build )
# Java VM: Java HotSpot(TM) 64-Bit Server VM (25.201-b09 mixed mode windows-amd64 compressed oops)
# Failed to write core dump. Minidumps are not enabled by default on client versions of Windows
#

---------------  T H R E A D  ---------------

Current thread (0x00000000029ee000):  JavaThread "Unknown thread" [_thread_in_vm, id=21108, stack(0x0000000002380000,0x0000000002480000)]

Stack: [0x0000000002380000,0x0000000002480000]
[error occurred during error reporting (printing stack bounds), id 0xc0000005]

Native frames: (J=compiled Java code, j=interpreted, Vv=VM code, C=native code)


---------------  P R O C E S S  ---------------

Java Threads: ( => current thread )

Other Threads:

=>0x00000000029ee000 (exited) JavaThread "Unknown thread" [_thread_in_vm, id=21108, stack(0x0000000002380000,0x0000000002480000)]

VM state:not at safepoint (normal execution)

VM Mutex/Monitor currently owned by a thread: None

heap address: 0x0000000081600000, size: 2026 MB, Compressed Oops mode: 32-bit
Narrow klass base: 0x0000000000000000, Narrow klass shift: 3
Compressed class space size: 1073741824 Address: 0x0000000100000000

Heap:
 PSYoungGen      total 38400K, used 665K [0x00000000d5d00000, 0x00000000d8780000, 0x0000000100000000)
  eden space 33280K, 2% used [0x00000000d5d00000,0x00000000d5da6670,0x00000000d7d80000)
  from space 5120K, 0% used [0x00000000d8280000,0x00000000d8280000,0x00000000d8780000)
  to   space 5120K, 0% used [0x00000000d7d80000,0x00000000d7d80000,0x00000000d8280000)
 ParOldGen       total 87552K, used 0K [0x0000000081600000, 0x0000000086b80000, 0x00000000d5d00000)
  object space 87552K, 0% used [0x0000000081600000,0x0000000081600000,0x0000000086b80000)
 Metaspace       used 751K, capacity 4480K, committed 4480K, reserved 1056768K
  class space    used 76K, capacity 384K, committed 384K, reserved 1048576K

Card table byte_map: [0x0000000011db0000,0x00000000121b0000] byte_map_base: 0x00000000119a5000

Marking Bits: (ParMarkBitMap*) 0x000000006d9f4ce0
 Begin Bits: [0x0000000012c60000, 0x0000000014c08000)
 End Bits:   [0x0000000014c08000, 0x0000000016bb0000)

Polling page: 0x0000000000b20000

CodeCache: size=245760Kb used=328Kb max_used=328Kb free=245431Kb
 bounds [0x00000000029f0000, 0x0000000002c60000, 0x00000000119f0000]
 total_blobs=58 nmethods=0 adapters=38
 compilation: enabled

Compilation events (0 events):
No events

GC Heap History (0 events):
No events

Deoptimization events (0 events):
No events

Classes redefined (0 events):
No events

Internal exceptions (0 events):
No events

Events (10 events):
Event: 0.040 loading class java/lang/Short
Event: 0.040 loading class java/lang/Short done
Event: 0.040 loading class java/lang/Integer
Event: 0.041 loading class java/lang/Integer done
Event: 0.041 loading class java/lang/Long
Event: 0.041 loading class java/lang/Long done
Event: 0.041 loading class java/lang/NullPointerException
Event: 0.041 loading class java/lang/NullPointerException done
Event: 0.041 loading class java/lang/ArithmeticException
Event: 0.042 loading class java/lang/ArithmeticException done


Dynamic libraries:
0x00007ff71eaa0000 - 0x00007ff71ead7000 	C:\Program Files\Java\jre1.8.0_201\bin\javaw.exe
0x00007ffbed2e0000 - 0x00007ffbed4d0000 	C:\WINDOWS\SYSTEM32\ntdll.dll
0x00007ffbecc40000 - 0x00007ffbeccf2000 	C:\WINDOWS\System32\KERNEL32.DLL
0x00007ffbea5b0000 - 0x00007ffbea853000 	C:\WINDOWS\System32\KERNELBASE.dll
0x00007ffbecd00000 - 0x00007ffbecda3000 	C:\WINDOWS\System32\ADVAPI32.dll
0x00007ffbebce0000 - 0x00007ffbebd7e000 	C:\WINDOWS\System32\msvcrt.dll
0x00007ffbec5c0000 - 0x00007ffbec657000 	C:\WINDOWS\System32\sechost.dll
0x00007ffbed090000 - 0x00007ffbed1b0000 	C:\WINDOWS\System32\RPCRT4.dll
0x00007ffbecaa0000 - 0x00007ffbecc34000 	C:\WINDOWS\System32\USER32.dll
0x00007ffbea8c0000 - 0x00007ffbea8e1000 	C:\WINDOWS\System32\win32u.dll
0x00007ffbed060000 - 0x00007ffbed086000 	C:\WINDOWS\System32\GDI32.dll
0x00007ffbea270000 - 0x00007ffbea404000 	C:\WINDOWS\System32\gdi32full.dll
0x00007ffbea510000 - 0x00007ffbea5ae000 	C:\WINDOWS\System32\msvcp_win.dll
0x00007ffbea410000 - 0x00007ffbea50a000 	C:\WINDOWS\System32\ucrtbase.dll
0x00007ffbd9560000 - 0x00007ffbd97e5000 	C:\WINDOWS\WinSxS\amd64_microsoft.windows.common-controls_6595b64144ccf1df_6.0.18362.418_none_e6c6b287130d565d\COMCTL32.dll
0x00007ffbec280000 - 0x00007ffbec5b6000 	C:\WINDOWS\System32\combase.dll
0x00007ffbea920000 - 0x00007ffbea9a0000 	C:\WINDOWS\System32\bcryptPrimitives.dll
0x00007ffbebde0000 - 0x00007ffbebe0e000 	C:\WINDOWS\System32\IMM32.DLL
0x000000006d010000 - 0x000000006d0e1000 	C:\Program Files\Java\jre1.8.0_201\bin\msvcr100.dll
0x000000006d1d0000 - 0x000000006da74000 	C:\Program Files\Java\jre1.8.0_201\bin\server\jvm.dll
0x00007ffbed050000 - 0x00007ffbed058000 	C:\WINDOWS\System32\PSAPI.DLL
0x00007ffbd7960000 - 0x00007ffbd7969000 	C:\WINDOWS\SYSTEM32\WSOCK32.dll
0x00007ffbe0610000 - 0x00007ffbe061a000 	C:\WINDOWS\SYSTEM32\VERSION.dll
0x00007ffbed230000 - 0x00007ffbed29f000 	C:\WINDOWS\System32\WS2_32.dll
0x00007ffbe6870000 - 0x00007ffbe6894000 	C:\WINDOWS\SYSTEM32\WINMM.dll
0x00007ffbe6840000 - 0x00007ffbe686d000 	C:\WINDOWS\SYSTEM32\winmmbase.dll
0x00007ffbeb340000 - 0x00007ffbeb38a000 	C:\WINDOWS\System32\cfgmgr32.dll
0x00007ffbe64d0000 - 0x00007ffbe64df000 	C:\Program Files\Java\jre1.8.0_201\bin\verify.dll
0x00007ffbcfe30000 - 0x00007ffbcfe59000 	C:\Program Files\Java\jre1.8.0_201\bin\java.dll
0x00007ffbe4ad0000 - 0x00007ffbe4ae6000 	C:\Program Files\Java\jre1.8.0_201\bin\zip.dll

VM Arguments:
jvm_args: -Dfile.encoding=MS949 
java_command: Main
java_class_path (initial): C:\Users\LG\eclipse-workspace\Phase3\bin;D:\oracle\ojdbc6.jar
Launcher Type: SUN_STANDARD

Environment Variables:
PATH=C:/Program Files/Java/jre1.8.0_201/bin/server;C:/Program Files/Java/jre1.8.0_201/bin;C:/Program Files/Java/jre1.8.0_201/lib/amd64;D:\oracle\product\11.2.0\dbhome_3\bin;C:\Users\LG\Desktop\oracle\bin;C:\Program Files (x86)\Common Files\Oracle\Java\javapath;C:\Program Files (x86)\NAT Service;C:\Program Files (x86)\Intel\iCLS Client\;C:\Program Files\Intel\iCLS Client\;C:\windows\system32;C:\windows;C:\windows\System32\Wbem;C:\windows\System32\WindowsPowerShell\v1.0\;C:\Program Files (x86)\Intel\Intel(R) Management Engine Components\DAL;C:\Program Files\Intel\Intel(R) Management Engine Components\DAL;C:\Program Files (x86)\Intel\Intel(R) Management Engine Components\IPT;C:\Program Files\Intel\Intel(R) Management Engine Components\IPT;C:\Program Files\Intel\WiFi\bin\;C:\Program Files\Common Files\Intel\WirelessCommon\;C:\Program Files (x86)\NVIDIA Corporation\PhysX\Common;C:\WINDOWS\system32;C:\WINDOWS;C:\WINDOWS\System32\Wbem;C:\WINDOWS\System32\WindowsPowerShell\v1.0\;C:\WINDOWS\System32\OpenSSH\;C:\Program Files\Git\cmd;C:\Program Files\PuTTY\;C:\Program Files\dotnet\;C:\Program Files\MySQL\MySQL Shell 8.0\bin\;C:\Users\LG\AppData\Local\Microsoft\WindowsApps;C:\Users\LG\AppData\Local\GitHubDesktop\bin;C:\Users\LG\Desktop;
USERNAME=LG
OS=Windows_NT
PROCESSOR_IDENTIFIER=Intel64 Family 6 Model 142 Stepping 10, GenuineIntel



---------------  S Y S T E M  ---------------

OS: Windows 10.0 , 64 bit Build 18362 (10.0.18362.329)

CPU:total 8 (initial active 8) (4 cores per cpu, 2 threads per core) family 6 model 142 stepping 10, cmov, cx8, fxsr, mmx, sse, sse2, sse3, ssse3, sse4.1, sse4.2, popcnt, avx, avx2, aes, clmul, erms, 3dnowpref, lzcnt, ht, tsc, tscinvbit, bmi1, bmi2, adx

Memory: 4k page, physical 8295652k(2259360k free), swap 22004832k(5672k free)

vm_info: Java HotSpot(TM) 64-Bit Server VM (25.201-b09) for windows-amd64 JRE (1.8.0_201-b09), built on Dec 15 2018 18:36:39 by "java_re" with MS VC++ 10.0 (VS2010)

time: Tue Nov 19 17:28:14 2019
timezone: 대한민국 표준시
elapsed time: 0 seconds (0d 0h 0m 0s)

